# JRE version: OpenJDK Runtime Environment (11.0.11+9) (build 11.0.11+9-b60-7590822)
# Java VM: OpenJDK 64-Bit Server VM (11.0.11+9-b60-7590822, mixed mode, tiered, compressed oops, g1 gc, windows-amd64)
Heap:
 garbage-first heap   total 250880K, used 145173K [0x0000000080000000, 0x0000000100000000)
  region size 1024K, 13 young (13312K), 6 survivors (6144K)
 Metaspace       used 113177K, capacity 116294K, committed 116480K, reserved 1150976K
  class space    used 14168K, capacity 15306K, committed 15360K, reserved 1048576K
GC Heap History (20 events):
Event: 923.131 GC heap before
{Heap before GC invocations=94 (full 0):
 garbage-first heap   total 208896K, used 181907K [0x0000000080000000, 0x0000000100000000)
  region size 1024K, 27 young (27648K), 2 survivors (2048K)
 Metaspace       used 107940K, capacity 111077K, committed 111232K, reserved 1144832K
  class space    used 13785K, capacity 14935K, committed 14976K, reserved 1048576K
}
Event: 923.160 GC heap after
{Heap after GC invocations=95 (full 0):
 garbage-first heap   total 208896K, used 150492K [0x0000000080000000, 0x0000000100000000)
  region size 1024K, 4 young (4096K), 4 survivors (4096K)
 Metaspace       used 107940K, capacity 111077K, committed 111232K, reserved 1144832K
  class space    used 13785K, capacity 14935K, committed 14976K, reserved 1048576K
}
Event: 923.256 GC heap before
{Heap before GC invocations=95 (full 0):
 garbage-first heap   total 208896K, used 156636K [0x0000000080000000, 0x0000000100000000)
  region size 1024K, 10 young (10240K), 4 survivors (4096K)
 Metaspace       used 107941K, capacity 111077K, committed 111232K, reserved 1144832K
  class space    used 13785K, capacity 14935K, committed 14976K, reserved 1048576K
}
Event: 923.282 GC heap after
{Heap after GC invocations=96 (full 0):
 garbage-first heap   total 208896K, used 149929K [0x0000000080000000, 0x0000000100000000)
  region size 1024K, 1 young (1024K), 1 survivors (1024K)
 Metaspace       used 107941K, capacity 111077K, committed 111232K, reserved 1144832K
  class space    used 13785K, capacity 14935K, committed 14976K, reserved 1048576K
}
Event: 923.707 GC heap before
{Heap before GC invocations=96 (full 0):
 garbage-first heap   total 208896K, used 174505K [0x0000000080000000, 0x0000000100000000)
  region size 1024K, 25 young (25600K), 1 survivors (1024K)
 Metaspace       used 107953K, capacity 111078K, committed 111232K, reserved 1144832K
  class space    used 13785K, capacity 14935K, committed 14976K, reserved 1048576K
}
Event: 923.712 GC heap after
{Heap after GC invocations=97 (full 0):
 garbage-first heap   total 208896K, used 149414K [0x0000000080000000, 0x0000000100000000)
  region size 1024K, 1 young (1024K), 1 survivors (1024K)
 Metaspace       used 107953K, capacity 111078K, committed 111232K, reserved 1144832K
  class space    used 13785K, capacity 14935K, committed 14976K, reserved 1048576K
}
Event: 924.411 GC heap before
{Heap before GC invocations=97 (full 0):
 garbage-first heap   total 208896K, used 175014K [0x0000000080000000, 0x0000000100000000)
  region size 1024K, 27 young (27648K), 1 survivors (1024K)
 Metaspace       used 107956K, capacity 111078K, committed 111232K, reserved 1144832K
  class space    used 13785K, capacity 14935K, committed 14976K, reserved 1048576K
}
Event: 924.416 GC heap after
{Heap after GC invocations=98 (full 0):
 garbage-first heap   total 208896K, used 149345K [0x0000000080000000, 0x0000000100000000)
  region size 1024K, 1 young (1024K), 1 survivors (1024K)
 Metaspace       used 107956K, capacity 111078K, committed 111232K, reserved 1144832K
  class space    used 13785K, capacity 14935K, committed 14976K, reserved 1048576K
}
Event: 924.841 GC heap before
{Heap before GC invocations=99 (full 0):
 garbage-first heap   total 208896K, used 158561K [0x0000000080000000, 0x0000000100000000)
  region size 1024K, 11 young (11264K), 1 survivors (1024K)
 Metaspace       used 107985K, capacity 111084K, committed 111232K, reserved 1144832K
  class space    used 13787K, capacity 14937K, committed 14976K, reserved 1048576K
}
Event: 924.859 GC heap after
{Heap after GC invocations=100 (full 0):
 garbage-first heap   total 208896K, used 154146K [0x0000000080000000, 0x0000000100000000)
  region size 1024K, 4 young (4096K), 4 survivors (4096K)
 Metaspace       used 107985K, capacity 111084K, committed 111232K, reserved 1144832K
  class space    used 13787K, capacity 14937K, committed 14976K, reserved 1048576K
}
Event: 925.920 GC heap before
{Heap before GC invocations=101 (full 0):
 garbage-first heap   total 208896K, used 193058K [0x0000000080000000, 0x0000000100000000)
  region size 1024K, 27 young (27648K), 4 survivors (4096K)
 Metaspace       used 108462K, capacity 111494K, committed 111744K, reserved 1146880K
  class space    used 13820K, capacity 14954K, committed 14976K, reserved 1048576K
}
Event: 925.940 GC heap after
{Heap after GC invocations=102 (full 0):
 garbage-first heap   total 208896K, used 157072K [0x0000000080000000, 0x0000000100000000)
  region size 1024K, 4 young (4096K), 4 survivors (4096K)
 Metaspace       used 108462K, capacity 111494K, committed 111744K, reserved 1146880K
  class space    used 13820K, capacity 14954K, committed 14976K, reserved 1048576K
}
Event: 926.687 GC heap before
{Heap before GC invocations=102 (full 0):
 garbage-first heap   total 208896K, used 175504K [0x0000000080000000, 0x0000000100000000)
  region size 1024K, 23 young (23552K), 4 survivors (4096K)
 Metaspace       used 111770K, capacity 114849K, committed 115072K, reserved 1148928K
  class space    used 14080K, capacity 15210K, committed 15232K, reserved 1048576K
}
Event: 926.700 GC heap after
{Heap after GC invocations=103 (full 0):
 garbage-first heap   total 208896K, used 159282K [0x0000000080000000, 0x0000000100000000)
  region size 1024K, 3 young (3072K), 3 survivors (3072K)
 Metaspace       used 111770K, capacity 114849K, committed 115072K, reserved 1148928K
  class space    used 14080K, capacity 15210K, committed 15232K, reserved 1048576K
}
Event: 927.754 GC heap before
{Heap before GC invocations=104 (full 0):
 garbage-first heap   total 208896K, used 164402K [0x0000000080000000, 0x0000000100000000)
  region size 1024K, 21 young (21504K), 3 survivors (3072K)
 Metaspace       used 112082K, capacity 115169K, committed 115328K, reserved 1148928K
  class space    used 14090K, capacity 15210K, committed 15232K, reserved 1048576K
}
Event: 927.772 GC heap after
{Heap after GC invocations=105 (full 0):
 garbage-first heap   total 208896K, used 149184K [0x0000000080000000, 0x0000000100000000)
  region size 1024K, 3 young (3072K), 3 survivors (3072K)
 Metaspace       used 112082K, capacity 115169K, committed 115328K, reserved 1148928K
  class space    used 14090K, capacity 15210K, committed 15232K, reserved 1048576K
}
Event: 927.861 GC heap before
{Heap before GC invocations=105 (full 0):
 garbage-first heap   total 208896K, used 156352K [0x0000000080000000, 0x0000000100000000)
  region size 1024K, 10 young (10240K), 3 survivors (3072K)
 Metaspace       used 112146K, capacity 115265K, committed 115456K, reserved 1148928K
  class space    used 14093K, capacity 15242K, committed 15360K, reserved 1048576K
}
Event: 927.893 GC heap after
{Heap after GC invocations=106 (full 0):
 garbage-first heap   total 250880K, used 135521K [0x0000000080000000, 0x0000000100000000)
  region size 1024K, 2 young (2048K), 2 survivors (2048K)
 Metaspace       used 112146K, capacity 115265K, committed 115456K, reserved 1148928K
  class space    used 14093K, capacity 15242K, committed 15360K, reserved 1048576K
}
Event: 939.290 GC heap before
{Heap before GC invocations=106 (full 0):
 garbage-first heap   total 250880K, used 189793K [0x0000000080000000, 0x0000000100000000)
  region size 1024K, 53 young (54272K), 2 survivors (2048K)
 Metaspace       used 112972K, capacity 116075K, committed 116224K, reserved 1150976K
  class space    used 14147K, capacity 15275K, committed 15360K, reserved 1048576K
}
Event: 939.373 GC heap after
{Heap after GC invocations=107 (full 0):
 garbage-first heap   total 250880K, used 139029K [0x0000000080000000, 0x0000000100000000)
  region size 1024K, 6 young (6144K), 6 survivors (6144K)
 Metaspace       used 112972K, capacity 116075K, committed 116224K, reserved 1150976K
  class space    used 14147K, capacity 15275K, committed 15360K, reserved 1048576K
}

